<?xml version="1.0" encoding="UTF-8"?>
<!-- Generated by org.testng.reporters.JUnitReportReporter -->
<testsuite ignored="0" hostname="DESKTOP-EITHCK1" failures="0" tests="1" name="test.fbHomePageTest" time="0.085" errors="0" timestamp="24 Apr 2023 22:36:22 GMT" skipped="0">
  <testcase classname="test.fbHomePageTest" name="fbhomepagetest" time="0.085"/>
</testsuite> <!-- test.fbHomePageTest -->
