<?xml version="1.0" encoding="UTF-8"?>
<!-- Generated by org.testng.reporters.JUnitReportReporter -->
<testsuite ignored="0" hostname="DESKTOP-EITHCK1" failures="0" tests="1" name="test.CreateAccountPageTest" time="3.081" errors="0" timestamp="02 May 2023 18:17:31 GMT" skipped="0">
  <testcase classname="test.CreateAccountPageTest" name="CreateAccountPageTest" time="3.081"/>
</testsuite> <!-- test.CreateAccountPageTest -->
